Determining if the pthread_create exist failed with the following output:
Change Dir: /home/thibaut/Documents/ZZ3/MODL/tp_2/build/CMakeFiles/CMakeTmp

Run Build Command:"/usr/bin/make" "cmTC_11417/fast"
/usr/bin/make -f CMakeFiles/cmTC_11417.dir/build.make CMakeFiles/cmTC_11417.dir/build
make[1]: Entering directory '/home/thibaut/Documents/ZZ3/MODL/tp_2/build/CMakeFiles/CMakeTmp'
Building C object CMakeFiles/cmTC_11417.dir/CheckSymbolExists.c.o
/usr/bin/cc    -o CMakeFiles/cmTC_11417.dir/CheckSymbolExists.c.o   -c /home/thibaut/Documents/ZZ3/MODL/tp_2/build/CMakeFiles/CMakeTmp/CheckSymbolExists.c
Linking C executable cmTC_11417
/usr/bin/cmake -E cmake_link_script CMakeFiles/cmTC_11417.dir/link.txt --verbose=1
/usr/bin/cc      -rdynamic CMakeFiles/cmTC_11417.dir/CheckSymbolExists.c.o  -o cmTC_11417 
CMakeFiles/cmTC_11417.dir/CheckSymbolExists.c.o: In function `main':
CheckSymbolExists.c:(.text+0x1b): undefined reference to `pthread_create'
collect2: error: ld returned 1 exit status
CMakeFiles/cmTC_11417.dir/build.make:97: recipe for target 'cmTC_11417' failed
make[1]: *** [cmTC_11417] Error 1
make[1]: Leaving directory '/home/thibaut/Documents/ZZ3/MODL/tp_2/build/CMakeFiles/CMakeTmp'
Makefile:126: recipe for target 'cmTC_11417/fast' failed
make: *** [cmTC_11417/fast] Error 2

File /home/thibaut/Documents/ZZ3/MODL/tp_2/build/CMakeFiles/CMakeTmp/CheckSymbolExists.c:
/* */
#include <pthread.h>

int main(int argc, char** argv)
{
  (void)argv;
#ifndef pthread_create
  return ((int*)(&pthread_create))[argc];
#else
  (void)argc;
  return 0;
#endif
}

Determining if the function pthread_create exists in the pthreads failed with the following output:
Change Dir: /home/thibaut/Documents/ZZ3/MODL/tp_2/build/CMakeFiles/CMakeTmp

Run Build Command:"/usr/bin/make" "cmTC_84c9a/fast"
/usr/bin/make -f CMakeFiles/cmTC_84c9a.dir/build.make CMakeFiles/cmTC_84c9a.dir/build
make[1]: Entering directory '/home/thibaut/Documents/ZZ3/MODL/tp_2/build/CMakeFiles/CMakeTmp'
Building C object CMakeFiles/cmTC_84c9a.dir/CheckFunctionExists.c.o
/usr/bin/cc   -DCHECK_FUNCTION_EXISTS=pthread_create   -o CMakeFiles/cmTC_84c9a.dir/CheckFunctionExists.c.o   -c /usr/share/cmake-3.10/Modules/CheckFunctionExists.c
Linking C executable cmTC_84c9a
/usr/bin/cmake -E cmake_link_script CMakeFiles/cmTC_84c9a.dir/link.txt --verbose=1
/usr/bin/cc  -DCHECK_FUNCTION_EXISTS=pthread_create    -rdynamic CMakeFiles/cmTC_84c9a.dir/CheckFunctionExists.c.o  -o cmTC_84c9a -lpthreads 
/usr/bin/ld: cannot find -lpthreads
collect2: error: ld returned 1 exit status
CMakeFiles/cmTC_84c9a.dir/build.make:97: recipe for target 'cmTC_84c9a' failed
make[1]: *** [cmTC_84c9a] Error 1
make[1]: Leaving directory '/home/thibaut/Documents/ZZ3/MODL/tp_2/build/CMakeFiles/CMakeTmp'
Makefile:126: recipe for target 'cmTC_84c9a/fast' failed
make: *** [cmTC_84c9a/fast] Error 2


